2024-12-16 18:20:00,727 INFO: [31m[1mWARNING: This is a development server. Do not use it in a production deployment. Use a production WSGI server instead.[0m
 * Running on http://127.0.0.1:5000 [in C:\Python312\Lib\site-packages\werkzeug\_internal.py:97]
2024-12-16 18:20:00,728 INFO: [33mPress CTRL+C to quit[0m [in C:\Python312\Lib\site-packages\werkzeug\_internal.py:97]
2024-12-16 18:20:16,115 INFO: 127.0.0.1 - - [16/Dec/2024 18:20:16] "[33mGET / HTTP/1.1[0m" 404 - [in C:\Python312\Lib\site-packages\werkzeug\_internal.py:97]
2024-12-16 18:20:16,251 INFO: 127.0.0.1 - - [16/Dec/2024 18:20:16] "[33mGET /favicon.ico HTTP/1.1[0m" 404 - [in C:\Python312\Lib\site-packages\werkzeug\_internal.py:97]
2024-12-16 18:23:21,599 INFO: 127.0.0.1 - - [16/Dec/2024 18:23:21] "[33mGET / HTTP/1.1[0m" 404 - [in C:\Python312\Lib\site-packages\werkzeug\_internal.py:97]
2024-12-16 18:23:45,990 INFO: Search request received: {'tripType': None, 'startDate': '2024-12-20', 'endDate': '2024-12-27', 'maxPrice': '1000', 'minDays': '1', 'maxDays': '7', 'originAirports': ['KUN'], 'wantedCountries': ['Italy'], 'adults': '1', 'children': '0'} [in D:\dev\flymebaby-python\src\app.py:149]
2024-12-16 18:23:45,990 INFO: Search parameters after processing: [in D:\dev\flymebaby-python\src\app.py:150]
2024-12-16 18:23:45,991 INFO: Start date: 2024-12-20 00:00:00 [in D:\dev\flymebaby-python\src\app.py:151]
2024-12-16 18:23:45,991 INFO: End date: 2024-12-27 00:00:00 [in D:\dev\flymebaby-python\src\app.py:152]
2024-12-16 18:23:45,991 INFO: Maximum price per person: 1000.0 [in D:\dev\flymebaby-python\src\app.py:153]
2024-12-16 18:23:45,991 INFO: Origin airports: ['KUN'] [in D:\dev\flymebaby-python\src\app.py:154]
2024-12-16 18:23:45,991 INFO: Wanted countries: ['Italy'] [in D:\dev\flymebaby-python\src\app.py:155]
2024-12-16 18:23:45,991 INFO: Total passengers: 1 [in D:\dev\flymebaby-python\src\app.py:156]
2024-12-16 18:23:46,624 INFO: 127.0.0.1 - - [16/Dec/2024 18:23:46] "GET /api/search-flights?startDate=2024-12-20&endDate=2024-12-27&originAirports=KUN&wantedCountries=Italy&adults=1&children=0&maxPrice=1000&minDays=1&maxDays=7 HTTP/1.1" 200 - [in C:\Python312\Lib\site-packages\werkzeug\_internal.py:97]
2024-12-16 18:24:28,192 INFO: Search request received: {'tripType': None, 'startDate': '2024-12-20', 'endDate': '2024-12-27', 'maxPrice': '1000', 'minDays': '1', 'maxDays': '7', 'originAirports': ['KUN'], 'wantedCountries': ['Italy'], 'adults': '1', 'children': '0'} [in D:\dev\flymebaby-python\src\app.py:149]
2024-12-16 18:24:28,192 INFO: Search parameters after processing: [in D:\dev\flymebaby-python\src\app.py:150]
2024-12-16 18:24:28,192 INFO: Start date: 2024-12-20 00:00:00 [in D:\dev\flymebaby-python\src\app.py:151]
2024-12-16 18:24:28,193 INFO: End date: 2024-12-27 00:00:00 [in D:\dev\flymebaby-python\src\app.py:152]
2024-12-16 18:24:28,193 INFO: Maximum price per person: 1000.0 [in D:\dev\flymebaby-python\src\app.py:153]
2024-12-16 18:24:28,193 INFO: Origin airports: ['KUN'] [in D:\dev\flymebaby-python\src\app.py:154]
2024-12-16 18:24:28,193 INFO: Wanted countries: ['Italy'] [in D:\dev\flymebaby-python\src\app.py:155]
2024-12-16 18:24:28,193 INFO: Total passengers: 1 [in D:\dev\flymebaby-python\src\app.py:156]
2024-12-16 18:24:28,536 INFO: 127.0.0.1 - - [16/Dec/2024 18:24:28] "GET /api/search-flights?startDate=2024-12-20&endDate=2024-12-27&originAirports=KUN&wantedCountries=Italy&adults=1&children=0&maxPrice=1000&minDays=1&maxDays=7 HTTP/1.1" 200 - [in C:\Python312\Lib\site-packages\werkzeug\_internal.py:97]
2024-12-16 18:24:46,360 INFO: Search request received: {'tripType': None, 'startDate': '2024-12-20', 'endDate': '2024-12-27', 'maxPrice': '1000', 'minDays': '1', 'maxDays': '7', 'originAirports': ['KUN'], 'wantedCountries': ['Latvia'], 'adults': '1', 'children': '0'} [in D:\dev\flymebaby-python\src\app.py:149]
2024-12-16 18:24:46,361 INFO: Search parameters after processing: [in D:\dev\flymebaby-python\src\app.py:150]
2024-12-16 18:24:46,361 INFO: Start date: 2024-12-20 00:00:00 [in D:\dev\flymebaby-python\src\app.py:151]
2024-12-16 18:24:46,361 INFO: End date: 2024-12-27 00:00:00 [in D:\dev\flymebaby-python\src\app.py:152]
2024-12-16 18:24:46,361 INFO: Maximum price per person: 1000.0 [in D:\dev\flymebaby-python\src\app.py:153]
2024-12-16 18:24:46,361 INFO: Origin airports: ['KUN'] [in D:\dev\flymebaby-python\src\app.py:154]
2024-12-16 18:24:46,362 INFO: Wanted countries: ['Latvia'] [in D:\dev\flymebaby-python\src\app.py:155]
2024-12-16 18:24:46,362 INFO: Total passengers: 1 [in D:\dev\flymebaby-python\src\app.py:156]
2024-12-16 18:24:46,902 INFO: 127.0.0.1 - - [16/Dec/2024 18:24:46] "GET /api/search-flights?startDate=2024-12-20&endDate=2024-12-27&originAirports=KUN&wantedCountries=Latvia&adults=1&children=0&maxPrice=1000&minDays=1&maxDays=7 HTTP/1.1" 200 - [in C:\Python312\Lib\site-packages\werkzeug\_internal.py:97]
2024-12-16 18:36:16,653 INFO: [31m[1mWARNING: This is a development server. Do not use it in a production deployment. Use a production WSGI server instead.[0m
 * Running on http://127.0.0.1:5000 [in C:\Python312\Lib\site-packages\werkzeug\_internal.py:97]
2024-12-16 18:36:16,653 INFO: [33mPress CTRL+C to quit[0m [in C:\Python312\Lib\site-packages\werkzeug\_internal.py:97]
2024-12-16 18:36:21,273 INFO: Search request received: {'tripType': None, 'startDate': '2024-12-20', 'endDate': '2024-12-27', 'maxPrice': '1000', 'minDays': '1', 'maxDays': '7', 'originAirports': ['KUN'], 'wantedCountries': ['Latvia'], 'adults': '1', 'children': '0'} [in D:\dev\flymebaby-python\src\app.py:148]
2024-12-16 18:36:21,273 INFO: Search parameters after processing: [in D:\dev\flymebaby-python\src\app.py:149]
2024-12-16 18:36:21,273 INFO: Start date: 2024-12-20 00:00:00 [in D:\dev\flymebaby-python\src\app.py:150]
2024-12-16 18:36:21,274 INFO: End date: 2024-12-27 00:00:00 [in D:\dev\flymebaby-python\src\app.py:151]
2024-12-16 18:36:21,274 INFO: Maximum price per person: 1000.0 [in D:\dev\flymebaby-python\src\app.py:152]
2024-12-16 18:36:21,274 INFO: Origin airports: ['KUN'] [in D:\dev\flymebaby-python\src\app.py:153]
2024-12-16 18:36:21,274 INFO: Wanted countries: ['Latvia'] [in D:\dev\flymebaby-python\src\app.py:154]
2024-12-16 18:36:21,274 INFO: Total passengers: 1 [in D:\dev\flymebaby-python\src\app.py:155]
2024-12-16 18:36:22,589 INFO: 127.0.0.1 - - [16/Dec/2024 18:36:22] "GET /api/search-flights?startDate=2024-12-20&endDate=2024-12-27&originAirports=KUN&wantedCountries=Latvia&adults=1&children=0&maxPrice=1000&minDays=1&maxDays=7 HTTP/1.1" 200 - [in C:\Python312\Lib\site-packages\werkzeug\_internal.py:97]
2024-12-16 18:36:35,496 INFO: Search request received: {'tripType': None, 'startDate': '2024-12-20', 'endDate': '2024-12-27', 'maxPrice': '1000', 'minDays': '1', 'maxDays': '7', 'originAirports': ['KUN'], 'wantedCountries': ['Italy'], 'adults': '1', 'children': '0'} [in D:\dev\flymebaby-python\src\app.py:148]
2024-12-16 18:36:35,497 INFO: Search parameters after processing: [in D:\dev\flymebaby-python\src\app.py:149]
2024-12-16 18:36:35,497 INFO: Start date: 2024-12-20 00:00:00 [in D:\dev\flymebaby-python\src\app.py:150]
2024-12-16 18:36:35,497 INFO: End date: 2024-12-27 00:00:00 [in D:\dev\flymebaby-python\src\app.py:151]
2024-12-16 18:36:35,497 INFO: Maximum price per person: 1000.0 [in D:\dev\flymebaby-python\src\app.py:152]
2024-12-16 18:36:35,497 INFO: Origin airports: ['KUN'] [in D:\dev\flymebaby-python\src\app.py:153]
2024-12-16 18:36:35,498 INFO: Wanted countries: ['Italy'] [in D:\dev\flymebaby-python\src\app.py:154]
2024-12-16 18:36:35,498 INFO: Total passengers: 1 [in D:\dev\flymebaby-python\src\app.py:155]
2024-12-16 18:36:35,798 INFO: 127.0.0.1 - - [16/Dec/2024 18:36:35] "GET /api/search-flights?startDate=2024-12-20&endDate=2024-12-27&originAirports=KUN&wantedCountries=Italy&adults=1&children=0&maxPrice=1000&minDays=1&maxDays=7 HTTP/1.1" 200 - [in C:\Python312\Lib\site-packages\werkzeug\_internal.py:97]
